CRITICAL - 2023-10-13 09:42:43 --> Undefined variable: mahasiswa
in APPPATH\Views\dashboard.php on line 24.
 1 APPPATH\Views\dashboard.php(24): CodeIgniter\Debug\Exceptions->errorHandler(8, 'Undefined variable: mahasiswa', 'C:\\code\\codeigniter4\\app\\Views\\dashboard.php', 24, [...])
 2 SYSTEMPATH\View\View.php(226): include('C:\\code\\codeigniter4\\app\\Views\\dashboard.php')
 3 SYSTEMPATH\View\View.php(229): CodeIgniter\View\View->CodeIgniter\View\{closure}()
 4 SYSTEMPATH\Common.php(1188): CodeIgniter\View\View->render('dashboard', [], true)
 5 APPPATH\Controllers\Admin\Dashboard.php(14): view('dashboard', [...])
 6 SYSTEMPATH\CodeIgniter.php(919): App\Controllers\Admin\Dashboard->index()
 7 SYSTEMPATH\CodeIgniter.php(494): CodeIgniter\CodeIgniter->runController(Object(App\Controllers\Admin\Dashboard))
 8 SYSTEMPATH\CodeIgniter.php(353): CodeIgniter\CodeIgniter->handleRequest(null, Object(Config\Cache), false)
 9 FCPATH\index.php(79): CodeIgniter\CodeIgniter->run()
10 SYSTEMPATH\Commands\Server\rewrite.php(47): require_once('C:\\code\\codeigniter4\\public\\index.php')
CRITICAL - 2023-10-13 10:02:13 --> Illegal string offset 'nama'
in APPPATH\Views\user.php on line 25.
 1 APPPATH\Views\user.php(25): CodeIgniter\Debug\Exceptions->errorHandler(2, 'Illegal string offset \'nama\'', 'C:\\code\\codeigniter4\\app\\Views\\user.php', 25, [...])
 2 SYSTEMPATH\View\View.php(226): include('C:\\code\\codeigniter4\\app\\Views\\user.php')
 3 SYSTEMPATH\View\View.php(229): CodeIgniter\View\View->CodeIgniter\View\{closure}()
 4 SYSTEMPATH\Common.php(1188): CodeIgniter\View\View->render('user', [], true)
 5 APPPATH\Controllers\Admin\UserController.php(18): view('user', [...])
 6 SYSTEMPATH\CodeIgniter.php(919): App\Controllers\Admin\UserController->index()
 7 SYSTEMPATH\CodeIgniter.php(494): CodeIgniter\CodeIgniter->runController(Object(App\Controllers\Admin\UserController))
 8 SYSTEMPATH\CodeIgniter.php(353): CodeIgniter\CodeIgniter->handleRequest(null, Object(Config\Cache), false)
 9 FCPATH\index.php(79): CodeIgniter\CodeIgniter->run()
10 SYSTEMPATH\Commands\Server\rewrite.php(47): require_once('C:\\code\\codeigniter4\\public\\index.php')
CRITICAL - 2023-10-13 10:02:26 --> Illegal string offset 'nama'
in APPPATH\Views\user.php on line 25.
 1 APPPATH\Views\user.php(25): CodeIgniter\Debug\Exceptions->errorHandler(2, 'Illegal string offset \'nama\'', 'C:\\code\\codeigniter4\\app\\Views\\user.php', 25, [...])
 2 SYSTEMPATH\View\View.php(226): include('C:\\code\\codeigniter4\\app\\Views\\user.php')
 3 SYSTEMPATH\View\View.php(229): CodeIgniter\View\View->CodeIgniter\View\{closure}()
 4 SYSTEMPATH\Common.php(1188): CodeIgniter\View\View->render('user', [], true)
 5 APPPATH\Controllers\Admin\UserController.php(18): view('user', [...])
 6 SYSTEMPATH\CodeIgniter.php(919): App\Controllers\Admin\UserController->index()
 7 SYSTEMPATH\CodeIgniter.php(494): CodeIgniter\CodeIgniter->runController(Object(App\Controllers\Admin\UserController))
 8 SYSTEMPATH\CodeIgniter.php(353): CodeIgniter\CodeIgniter->handleRequest(null, Object(Config\Cache), false)
 9 FCPATH\index.php(79): CodeIgniter\CodeIgniter->run()
10 SYSTEMPATH\Commands\Server\rewrite.php(47): require_once('C:\\code\\codeigniter4\\public\\index.php')
CRITICAL - 2023-10-13 10:03:03 --> Return value of App\Controllers\Admin\UserController::index() must be of the type string, none returned
in APPPATH\Controllers\Admin\UserController.php on line 20.
 1 SYSTEMPATH\CodeIgniter.php(919): App\Controllers\Admin\UserController->index()
 2 SYSTEMPATH\CodeIgniter.php(494): CodeIgniter\CodeIgniter->runController(Object(App\Controllers\Admin\UserController))
 3 SYSTEMPATH\CodeIgniter.php(353): CodeIgniter\CodeIgniter->handleRequest(null, Object(Config\Cache), false)
 4 FCPATH\index.php(79): CodeIgniter\CodeIgniter->run()
 5 SYSTEMPATH\Commands\Server\rewrite.php(47): require_once('C:\\code\\codeigniter4\\public\\index.php')
CRITICAL - 2023-10-13 10:18:47 --> Trying to access array offset on value of type null
in APPPATH\Views\detailuser.php on line 9.
 1 APPPATH\Views\detailuser.php(9): CodeIgniter\Debug\Exceptions->errorHandler(8, 'Trying to access array offset on value of type null', 'C:\\code\\codeigniter4\\app\\Views\\detailuser.php', 9, [...])
 2 SYSTEMPATH\View\View.php(226): include('C:\\code\\codeigniter4\\app\\Views\\detailuser.php')
 3 SYSTEMPATH\View\View.php(229): CodeIgniter\View\View->CodeIgniter\View\{closure}()
 4 SYSTEMPATH\Common.php(1188): CodeIgniter\View\View->render('detailuser', [], true)
 5 APPPATH\Controllers\Admin\UserController.php(38): view('detailuser', [...])
 6 SYSTEMPATH\CodeIgniter.php(919): App\Controllers\Admin\UserController->detail('user')
 7 SYSTEMPATH\CodeIgniter.php(494): CodeIgniter\CodeIgniter->runController(Object(App\Controllers\Admin\UserController))
 8 SYSTEMPATH\CodeIgniter.php(353): CodeIgniter\CodeIgniter->handleRequest(null, Object(Config\Cache), false)
 9 FCPATH\index.php(79): CodeIgniter\CodeIgniter->run()
10 SYSTEMPATH\Commands\Server\rewrite.php(47): require_once('C:\\code\\codeigniter4\\public\\index.php')
CRITICAL - 2023-10-13 10:19:18 --> Trying to access array offset on value of type null
in APPPATH\Views\detailuser.php on line 9.
 1 APPPATH\Views\detailuser.php(9): CodeIgniter\Debug\Exceptions->errorHandler(8, 'Trying to access array offset on value of type null', 'C:\\code\\codeigniter4\\app\\Views\\detailuser.php', 9, [...])
 2 SYSTEMPATH\View\View.php(226): include('C:\\code\\codeigniter4\\app\\Views\\detailuser.php')
 3 SYSTEMPATH\View\View.php(229): CodeIgniter\View\View->CodeIgniter\View\{closure}()
 4 SYSTEMPATH\Common.php(1188): CodeIgniter\View\View->render('detailuser', [], true)
 5 APPPATH\Controllers\Admin\UserController.php(38): view('detailuser', [...])
 6 SYSTEMPATH\CodeIgniter.php(919): App\Controllers\Admin\UserController->detail('buku')
 7 SYSTEMPATH\CodeIgniter.php(494): CodeIgniter\CodeIgniter->runController(Object(App\Controllers\Admin\UserController))
 8 SYSTEMPATH\CodeIgniter.php(353): CodeIgniter\CodeIgniter->handleRequest(null, Object(Config\Cache), false)
 9 FCPATH\index.php(79): CodeIgniter\CodeIgniter->run()
10 SYSTEMPATH\Commands\Server\rewrite.php(47): require_once('C:\\code\\codeigniter4\\public\\index.php')
