CRITICAL - 2023-09-28 03:23:52 --> Invalid file: "navigasi.php"
in SYSTEMPATH\Exceptions\FrameworkException.php on line 39.
 1 SYSTEMPATH\View\View.php(214): CodeIgniter\Exceptions\FrameworkException::forInvalidFile('navigasi.php')
 2 SYSTEMPATH\View\View.php(467): CodeIgniter\View\View->render('navigasi', null, true)
 3 APPPATH\Views\layout\main.php(12): CodeIgniter\View\View->include('navigasi')
 4 SYSTEMPATH\View\View.php(226): include('C:\\code\\codeigniter4\\app\\Views\\layout\\main.php')
 5 SYSTEMPATH\View\View.php(229): CodeIgniter\View\View->CodeIgniter\View\{closure}()
 6 SYSTEMPATH\View\View.php(242): CodeIgniter\View\View->render('layout/main', [], true)
 7 SYSTEMPATH\Common.php(1188): CodeIgniter\View\View->render('admin', [], true)
 8 APPPATH\Controllers\Admin\Dashboard.php(29): view('admin', [...])
 9 SYSTEMPATH\CodeIgniter.php(919): App\Controllers\Admin\Dashboard->index()
10 SYSTEMPATH\CodeIgniter.php(494): CodeIgniter\CodeIgniter->runController(Object(App\Controllers\Admin\Dashboard))
11 SYSTEMPATH\CodeIgniter.php(353): CodeIgniter\CodeIgniter->handleRequest(null, Object(Config\Cache), false)
12 FCPATH\index.php(79): CodeIgniter\CodeIgniter->run()
13 SYSTEMPATH\Commands\Server\rewrite.php(47): require_once('C:\\code\\codeigniter4\\public\\index.php')
CRITICAL - 2023-09-28 03:55:27 --> Undefined index: judul
in APPPATH\Views\buku.php on line 24.
 1 APPPATH\Views\buku.php(24): CodeIgniter\Debug\Exceptions->errorHandler(8, 'Undefined index: judul', 'C:\\code\\codeigniter4\\app\\Views\\buku.php', 24, [...])
 2 SYSTEMPATH\View\View.php(226): include('C:\\code\\codeigniter4\\app\\Views\\buku.php')
 3 SYSTEMPATH\View\View.php(229): CodeIgniter\View\View->CodeIgniter\View\{closure}()
 4 SYSTEMPATH\Common.php(1188): CodeIgniter\View\View->render('buku', [], true)
 5 APPPATH\Controllers\Admin\Dashboard.php(51): view('buku', [...])
 6 SYSTEMPATH\CodeIgniter.php(919): App\Controllers\Admin\Dashboard->buku()
 7 SYSTEMPATH\CodeIgniter.php(494): CodeIgniter\CodeIgniter->runController(Object(App\Controllers\Admin\Dashboard))
 8 SYSTEMPATH\CodeIgniter.php(353): CodeIgniter\CodeIgniter->handleRequest(null, Object(Config\Cache), false)
 9 FCPATH\index.php(79): CodeIgniter\CodeIgniter->run()
10 SYSTEMPATH\Commands\Server\rewrite.php(47): require_once('C:\\code\\codeigniter4\\public\\index.php')
