CRITICAL - 2023-11-03 07:17:02 --> Undefined variable $item
in APPPATH\Views\user\detail.php on line 35.
 1 APPPATH\Views\user\detail.php(35): CodeIgniter\Debug\Exceptions->errorHandler(2, 'Undefined variable $item', 'C:\\xampp\\htdocs\\WFPTIK2023\\app\\Views\\user\\detail.php', 35)
 2 SYSTEMPATH\View\View.php(226): include('C:\\xampp\\htdocs\\WFPTIK2023\\app\\Views\\user\\detail.php')
 3 SYSTEMPATH\View\View.php(229): CodeIgniter\View\View->CodeIgniter\View\{closure}()
 4 SYSTEMPATH\Common.php(1188): CodeIgniter\View\View->render('user/detail', [], true)
 5 APPPATH\Controllers\Admin\UserController.php(38): view('user/detail', [...])
 6 SYSTEMPATH\CodeIgniter.php(919): App\Controllers\Admin\UserController->detail('1')
 7 SYSTEMPATH\CodeIgniter.php(494): CodeIgniter\CodeIgniter->runController(Object(App\Controllers\Admin\UserController))
 8 SYSTEMPATH\CodeIgniter.php(353): CodeIgniter\CodeIgniter->handleRequest(null, Object(Config\Cache), false)
 9 FCPATH\index.php(79): CodeIgniter\CodeIgniter->run()
10 SYSTEMPATH\Commands\Server\rewrite.php(47): require_once('C:\\xampp\\htdocs\\WFPTIK2023\\public\\index.php')
CRITICAL - 2023-11-03 07:39:48 --> Undefined array key 1
in APPPATH\Controllers\Admin\UserController.php on line 124.
 1 APPPATH\Controllers\Admin\UserController.php(124): CodeIgniter\Debug\Exceptions->errorHandler(2, 'Undefined array key 1', 'C:\\xampp\\htdocs\\WFPTIK2023\\app\\Controllers\\Admin\\UserController.php', 124)
 2 SYSTEMPATH\CodeIgniter.php(919): App\Controllers\Admin\UserController->edit('1')
 3 SYSTEMPATH\CodeIgniter.php(494): CodeIgniter\CodeIgniter->runController(Object(App\Controllers\Admin\UserController))
 4 SYSTEMPATH\CodeIgniter.php(353): CodeIgniter\CodeIgniter->handleRequest(null, Object(Config\Cache), false)
 5 FCPATH\index.php(79): CodeIgniter\CodeIgniter->run()
 6 SYSTEMPATH\Commands\Server\rewrite.php(47): require_once('C:\\xampp\\htdocs\\WFPTIK2023\\public\\index.php')
CRITICAL - 2023-11-03 07:41:00 --> Undefined array key 1
in APPPATH\Controllers\Admin\UserController.php on line 123.
 1 APPPATH\Controllers\Admin\UserController.php(123): CodeIgniter\Debug\Exceptions->errorHandler(2, 'Undefined array key 1', 'C:\\xampp\\htdocs\\WFPTIK2023\\app\\Controllers\\Admin\\UserController.php', 123)
 2 SYSTEMPATH\CodeIgniter.php(919): App\Controllers\Admin\UserController->edit('1')
 3 SYSTEMPATH\CodeIgniter.php(494): CodeIgniter\CodeIgniter->runController(Object(App\Controllers\Admin\UserController))
 4 SYSTEMPATH\CodeIgniter.php(353): CodeIgniter\CodeIgniter->handleRequest(null, Object(Config\Cache), false)
 5 FCPATH\index.php(79): CodeIgniter\CodeIgniter->run()
 6 SYSTEMPATH\Commands\Server\rewrite.php(47): require_once('C:\\xampp\\htdocs\\WFPTIK2023\\public\\index.php')
CRITICAL - 2023-11-03 07:43:53 --> Undefined array key "username"
in APPPATH\Controllers\Admin\UserController.php on line 130.
 1 APPPATH\Controllers\Admin\UserController.php(130): CodeIgniter\Debug\Exceptions->errorHandler(2, 'Undefined array key "username"', 'C:\\xampp\\htdocs\\WFPTIK2023\\app\\Controllers\\Admin\\UserController.php', 130)
 2 SYSTEMPATH\CodeIgniter.php(919): App\Controllers\Admin\UserController->edit('1')
 3 SYSTEMPATH\CodeIgniter.php(494): CodeIgniter\CodeIgniter->runController(Object(App\Controllers\Admin\UserController))
 4 SYSTEMPATH\CodeIgniter.php(353): CodeIgniter\CodeIgniter->handleRequest(null, Object(Config\Cache), false)
 5 FCPATH\index.php(79): CodeIgniter\CodeIgniter->run()
 6 SYSTEMPATH\Commands\Server\rewrite.php(47): require_once('C:\\xampp\\htdocs\\WFPTIK2023\\public\\index.php')
CRITICAL - 2023-11-03 07:44:07 --> Undefined variable $username
in APPPATH\Views\user\edit.php on line 65.
 1 APPPATH\Views\user\edit.php(65): CodeIgniter\Debug\Exceptions->errorHandler(2, 'Undefined variable $username', 'C:\\xampp\\htdocs\\WFPTIK2023\\app\\Views\\user\\edit.php', 65)
 2 SYSTEMPATH\View\View.php(226): include('C:\\xampp\\htdocs\\WFPTIK2023\\app\\Views\\user\\edit.php')
 3 SYSTEMPATH\View\View.php(229): CodeIgniter\View\View->CodeIgniter\View\{closure}()
 4 SYSTEMPATH\Common.php(1188): CodeIgniter\View\View->render('user/edit', [], true)
 5 APPPATH\Controllers\Admin\UserController.php(133): view('user/edit', [...])
 6 SYSTEMPATH\CodeIgniter.php(919): App\Controllers\Admin\UserController->edit('1')
 7 SYSTEMPATH\CodeIgniter.php(494): CodeIgniter\CodeIgniter->runController(Object(App\Controllers\Admin\UserController))
 8 SYSTEMPATH\CodeIgniter.php(353): CodeIgniter\CodeIgniter->handleRequest(null, Object(Config\Cache), false)
 9 FCPATH\index.php(79): CodeIgniter\CodeIgniter->run()
10 SYSTEMPATH\Commands\Server\rewrite.php(47): require_once('C:\\xampp\\htdocs\\WFPTIK2023\\public\\index.php')
CRITICAL - 2023-11-03 11:31:48 --> Invalid file: "user/form.php"
in SYSTEMPATH\Exceptions\FrameworkException.php on line 39.
 1 SYSTEMPATH\View\View.php(214): CodeIgniter\Exceptions\FrameworkException::forInvalidFile('user/form.php')
 2 SYSTEMPATH\View\View.php(467): CodeIgniter\View\View->render('user/form', null, true)
 3 APPPATH\Views\user\user.php(8): CodeIgniter\View\View->include('user/form')
 4 SYSTEMPATH\View\View.php(226): include('C:\\xampp\\htdocs\\WFPTIK2023\\app\\Views\\user\\user.php')
 5 SYSTEMPATH\View\View.php(229): CodeIgniter\View\View->CodeIgniter\View\{closure}()
 6 SYSTEMPATH\Common.php(1188): CodeIgniter\View\View->render('user/user', [], true)
 7 APPPATH\Controllers\Admin\UserController.php(28): view('user/user', [...])
 8 SYSTEMPATH\CodeIgniter.php(919): App\Controllers\Admin\UserController->index()
 9 SYSTEMPATH\CodeIgniter.php(494): CodeIgniter\CodeIgniter->runController(Object(App\Controllers\Admin\UserController))
10 SYSTEMPATH\CodeIgniter.php(353): CodeIgniter\CodeIgniter->handleRequest(null, Object(Config\Cache), false)
11 FCPATH\index.php(79): CodeIgniter\CodeIgniter->run()
12 SYSTEMPATH\Commands\Server\rewrite.php(47): require_once('C:\\xampp\\htdocs\\WFPTIK2023\\public\\index.php')
CRITICAL - 2023-11-03 11:32:31 --> Invalid file: "user/form.php"
in SYSTEMPATH\Exceptions\FrameworkException.php on line 39.
 1 SYSTEMPATH\View\View.php(214): CodeIgniter\Exceptions\FrameworkException::forInvalidFile('user/form.php')
 2 SYSTEMPATH\View\View.php(467): CodeIgniter\View\View->render('user/form', null, true)
 3 APPPATH\Views\user\user.php(8): CodeIgniter\View\View->include('user/form')
 4 SYSTEMPATH\View\View.php(226): include('C:\\xampp\\htdocs\\WFPTIK2023\\app\\Views\\user\\user.php')
 5 SYSTEMPATH\View\View.php(229): CodeIgniter\View\View->CodeIgniter\View\{closure}()
 6 SYSTEMPATH\Common.php(1188): CodeIgniter\View\View->render('user/user', [], true)
 7 APPPATH\Controllers\Admin\UserController.php(28): view('user/user', [...])
 8 SYSTEMPATH\CodeIgniter.php(919): App\Controllers\Admin\UserController->index()
 9 SYSTEMPATH\CodeIgniter.php(494): CodeIgniter\CodeIgniter->runController(Object(App\Controllers\Admin\UserController))
10 SYSTEMPATH\CodeIgniter.php(353): CodeIgniter\CodeIgniter->handleRequest(null, Object(Config\Cache), false)
11 FCPATH\index.php(79): CodeIgniter\CodeIgniter->run()
12 SYSTEMPATH\Commands\Server\rewrite.php(47): require_once('C:\\xampp\\htdocs\\WFPTIK2023\\public\\index.php')
CRITICAL - 2023-11-03 11:42:00 --> Undefined variable $id
in APPPATH\Views\user\tambah.php on line 10.
 1 APPPATH\Views\user\tambah.php(10): CodeIgniter\Debug\Exceptions->errorHandler(2, 'Undefined variable $id', 'C:\\xampp\\htdocs\\WFPTIK2023\\app\\Views\\user\\tambah.php', 10)
 2 SYSTEMPATH\View\View.php(226): include('C:\\xampp\\htdocs\\WFPTIK2023\\app\\Views\\user\\tambah.php')
 3 SYSTEMPATH\View\View.php(229): CodeIgniter\View\View->CodeIgniter\View\{closure}()
 4 SYSTEMPATH\Common.php(1188): CodeIgniter\View\View->render('user/tambah', [], true)
 5 APPPATH\Controllers\Admin\UserController.php(44): view('user/tambah')
 6 SYSTEMPATH\CodeIgniter.php(919): App\Controllers\Admin\UserController->tambah()
 7 SYSTEMPATH\CodeIgniter.php(494): CodeIgniter\CodeIgniter->runController(Object(App\Controllers\Admin\UserController))
 8 SYSTEMPATH\CodeIgniter.php(353): CodeIgniter\CodeIgniter->handleRequest(null, Object(Config\Cache), false)
 9 FCPATH\index.php(79): CodeIgniter\CodeIgniter->run()
10 SYSTEMPATH\Commands\Server\rewrite.php(47): require_once('C:\\xampp\\htdocs\\WFPTIK2023\\public\\index.php')
ERROR - 2023-11-03 11:44:56 --> mysqli_sql_exception: Column 'tempat_lahir' cannot be null in C:\xampp\htdocs\WFPTIK2023\system\Database\MySQLi\Connection.php:306
Stack trace:
#0 C:\xampp\htdocs\WFPTIK2023\system\Database\MySQLi\Connection.php(306): mysqli->query('INSERT INTO `us...', 0)
#1 C:\xampp\htdocs\WFPTIK2023\system\Database\BaseConnection.php(692): CodeIgniter\Database\MySQLi\Connection->execute('INSERT INTO `us...')
#2 C:\xampp\htdocs\WFPTIK2023\system\Database\BaseConnection.php(606): CodeIgniter\Database\BaseConnection->simpleQuery('INSERT INTO `us...')
#3 C:\xampp\htdocs\WFPTIK2023\system\Database\BaseBuilder.php(2308): CodeIgniter\Database\BaseConnection->query('INSERT INTO `us...', Array, false)
#4 C:\xampp\htdocs\WFPTIK2023\system\Model.php(319): CodeIgniter\Database\BaseBuilder->insert()
#5 C:\xampp\htdocs\WFPTIK2023\system\BaseModel.php(788): CodeIgniter\Model->doInsert(Array)
#6 C:\xampp\htdocs\WFPTIK2023\system\Model.php(715): CodeIgniter\BaseModel->insert(Array, false)
#7 C:\xampp\htdocs\WFPTIK2023\system\BaseModel.php(698): CodeIgniter\Model->insert(Array, false)
#8 C:\xampp\htdocs\WFPTIK2023\app\Controllers\Admin\UserController.php(97): CodeIgniter\BaseModel->save(Array)
#9 C:\xampp\htdocs\WFPTIK2023\system\CodeIgniter.php(919): App\Controllers\Admin\UserController->insert()
#10 C:\xampp\htdocs\WFPTIK2023\system\CodeIgniter.php(494): CodeIgniter\CodeIgniter->runController(Object(App\Controllers\Admin\UserController))
#11 C:\xampp\htdocs\WFPTIK2023\system\CodeIgniter.php(353): CodeIgniter\CodeIgniter->handleRequest(NULL, Object(Config\Cache), false)
#12 C:\xampp\htdocs\WFPTIK2023\public\index.php(79): CodeIgniter\CodeIgniter->run()
#13 C:\xampp\htdocs\WFPTIK2023\system\Commands\Server\rewrite.php(47): require_once('C:\\xampp\\htdocs...')
#14 {main}
CRITICAL - 2023-11-03 11:44:56 --> Column 'tempat_lahir' cannot be null
in SYSTEMPATH\Database\BaseConnection.php on line 646.
 1 SYSTEMPATH\Database\BaseBuilder.php(2308): CodeIgniter\Database\BaseConnection->query('INSERT INTO `users` (`nama`, `tempat_lahir`, `tanggal_lahir`, `alamat`, `telepon`, `email`, `avatar`, `created_at`, `updated_at`) VALUES (:nama:, :tempat_lahir:, :tanggal_lahir:, :alamat:, :telepon:, :email:, :avatar:, :created_at:, :updated_at:)', [...], false)
 2 SYSTEMPATH\Model.php(319): CodeIgniter\Database\BaseBuilder->insert()
 3 SYSTEMPATH\BaseModel.php(788): CodeIgniter\Model->doInsert([...])
 4 SYSTEMPATH\Model.php(715): CodeIgniter\BaseModel->insert([...], false)
 5 SYSTEMPATH\BaseModel.php(698): CodeIgniter\Model->insert([...], false)
 6 APPPATH\Controllers\Admin\UserController.php(97): CodeIgniter\BaseModel->save([...])
 7 SYSTEMPATH\CodeIgniter.php(919): App\Controllers\Admin\UserController->insert()
 8 SYSTEMPATH\CodeIgniter.php(494): CodeIgniter\CodeIgniter->runController(Object(App\Controllers\Admin\UserController))
 9 SYSTEMPATH\CodeIgniter.php(353): CodeIgniter\CodeIgniter->handleRequest(null, Object(Config\Cache), false)
10 FCPATH\index.php(79): CodeIgniter\CodeIgniter->run()
11 SYSTEMPATH\Commands\Server\rewrite.php(47): require_once('C:\\xampp\\htdocs\\WFPTIK2023\\public\\index.php')
