CRITICAL - 2023-10-27 15:23:08 --> Trying to access array offset on value of type null
in APPPATH\Views\user\detail.php on line 9.
 1 APPPATH\Views\user\detail.php(9): CodeIgniter\Debug\Exceptions->errorHandler(2, 'Trying to access array offset on value of type null', 'C:\\xampp\\htdocs\\WFPTIK2023\\app\\Views\\user\\detail.php', 9)
 2 SYSTEMPATH\View\View.php(226): include('C:\\xampp\\htdocs\\WFPTIK2023\\app\\Views\\user\\detail.php')
 3 SYSTEMPATH\View\View.php(229): CodeIgniter\View\View->CodeIgniter\View\{closure}()
 4 SYSTEMPATH\Common.php(1188): CodeIgniter\View\View->render('user/detail', [], true)
 5 APPPATH\Controllers\Admin\UserController.php(38): view('user/detail', [...])
 6 SYSTEMPATH\CodeIgniter.php(919): App\Controllers\Admin\UserController->detail('data')
 7 SYSTEMPATH\CodeIgniter.php(494): CodeIgniter\CodeIgniter->runController(Object(App\Controllers\Admin\UserController))
 8 SYSTEMPATH\CodeIgniter.php(353): CodeIgniter\CodeIgniter->handleRequest(null, Object(Config\Cache), false)
 9 FCPATH\index.php(79): CodeIgniter\CodeIgniter->run()
10 SYSTEMPATH\Commands\Server\rewrite.php(47): require_once('C:\\xampp\\htdocs\\WFPTIK2023\\public\\index.php')
CRITICAL - 2023-10-27 15:24:21 --> Undefined variable $user
in APPPATH\Views\user\list.php on line 15.
 1 APPPATH\Views\user\list.php(15): CodeIgniter\Debug\Exceptions->errorHandler(2, 'Undefined variable $user', 'C:\\xampp\\htdocs\\WFPTIK2023\\app\\Views\\user\\list.php', 15)
 2 SYSTEMPATH\View\View.php(226): include('C:\\xampp\\htdocs\\WFPTIK2023\\app\\Views\\user\\list.php')
 3 SYSTEMPATH\View\View.php(229): CodeIgniter\View\View->CodeIgniter\View\{closure}()
 4 SYSTEMPATH\Common.php(1188): CodeIgniter\View\View->render('user/list', [], true)
 5 APPPATH\Controllers\Admin\UserController.php(81): view('user/list', [...])
 6 SYSTEMPATH\CodeIgniter.php(919): App\Controllers\Admin\UserController->getData()
 7 SYSTEMPATH\CodeIgniter.php(494): CodeIgniter\CodeIgniter->runController(Object(App\Controllers\Admin\UserController))
 8 SYSTEMPATH\CodeIgniter.php(353): CodeIgniter\CodeIgniter->handleRequest(null, Object(Config\Cache), false)
 9 FCPATH\index.php(79): CodeIgniter\CodeIgniter->run()
10 SYSTEMPATH\Commands\Server\rewrite.php(47): require_once('C:\\xampp\\htdocs\\WFPTIK2023\\public\\index.php')
CRITICAL - 2023-10-27 15:24:48 --> Undefined variable $user
in APPPATH\Views\user\list.php on line 15.
 1 APPPATH\Views\user\list.php(15): CodeIgniter\Debug\Exceptions->errorHandler(2, 'Undefined variable $user', 'C:\\xampp\\htdocs\\WFPTIK2023\\app\\Views\\user\\list.php', 15)
 2 SYSTEMPATH\View\View.php(226): include('C:\\xampp\\htdocs\\WFPTIK2023\\app\\Views\\user\\list.php')
 3 SYSTEMPATH\View\View.php(229): CodeIgniter\View\View->CodeIgniter\View\{closure}()
 4 SYSTEMPATH\Common.php(1188): CodeIgniter\View\View->render('user/list', [], true)
 5 APPPATH\Controllers\Admin\UserController.php(81): view('user/list', [...])
 6 SYSTEMPATH\CodeIgniter.php(919): App\Controllers\Admin\UserController->getData()
 7 SYSTEMPATH\CodeIgniter.php(494): CodeIgniter\CodeIgniter->runController(Object(App\Controllers\Admin\UserController))
 8 SYSTEMPATH\CodeIgniter.php(353): CodeIgniter\CodeIgniter->handleRequest(null, Object(Config\Cache), false)
 9 FCPATH\index.php(79): CodeIgniter\CodeIgniter->run()
10 SYSTEMPATH\Commands\Server\rewrite.php(47): require_once('C:\\xampp\\htdocs\\WFPTIK2023\\public\\index.php')
CRITICAL - 2023-10-27 15:24:49 --> Undefined variable $user
in APPPATH\Views\user\list.php on line 15.
 1 APPPATH\Views\user\list.php(15): CodeIgniter\Debug\Exceptions->errorHandler(2, 'Undefined variable $user', 'C:\\xampp\\htdocs\\WFPTIK2023\\app\\Views\\user\\list.php', 15)
 2 SYSTEMPATH\View\View.php(226): include('C:\\xampp\\htdocs\\WFPTIK2023\\app\\Views\\user\\list.php')
 3 SYSTEMPATH\View\View.php(229): CodeIgniter\View\View->CodeIgniter\View\{closure}()
 4 SYSTEMPATH\Common.php(1188): CodeIgniter\View\View->render('user/list', [], true)
 5 APPPATH\Controllers\Admin\UserController.php(81): view('user/list', [...])
 6 SYSTEMPATH\CodeIgniter.php(919): App\Controllers\Admin\UserController->getData()
 7 SYSTEMPATH\CodeIgniter.php(494): CodeIgniter\CodeIgniter->runController(Object(App\Controllers\Admin\UserController))
 8 SYSTEMPATH\CodeIgniter.php(353): CodeIgniter\CodeIgniter->handleRequest(null, Object(Config\Cache), false)
 9 FCPATH\index.php(79): CodeIgniter\CodeIgniter->run()
10 SYSTEMPATH\Commands\Server\rewrite.php(47): require_once('C:\\xampp\\htdocs\\WFPTIK2023\\public\\index.php')
CRITICAL - 2023-10-27 15:24:58 --> Undefined variable $user
in APPPATH\Views\user\list.php on line 15.
 1 APPPATH\Views\user\list.php(15): CodeIgniter\Debug\Exceptions->errorHandler(2, 'Undefined variable $user', 'C:\\xampp\\htdocs\\WFPTIK2023\\app\\Views\\user\\list.php', 15)
 2 SYSTEMPATH\View\View.php(226): include('C:\\xampp\\htdocs\\WFPTIK2023\\app\\Views\\user\\list.php')
 3 SYSTEMPATH\View\View.php(229): CodeIgniter\View\View->CodeIgniter\View\{closure}()
 4 SYSTEMPATH\Common.php(1188): CodeIgniter\View\View->render('user/list', [], true)
 5 APPPATH\Controllers\Admin\UserController.php(81): view('user/list', [...])
 6 SYSTEMPATH\CodeIgniter.php(919): App\Controllers\Admin\UserController->getData()
 7 SYSTEMPATH\CodeIgniter.php(494): CodeIgniter\CodeIgniter->runController(Object(App\Controllers\Admin\UserController))
 8 SYSTEMPATH\CodeIgniter.php(353): CodeIgniter\CodeIgniter->handleRequest(null, Object(Config\Cache), false)
 9 FCPATH\index.php(79): CodeIgniter\CodeIgniter->run()
10 SYSTEMPATH\Commands\Server\rewrite.php(47): require_once('C:\\xampp\\htdocs\\WFPTIK2023\\public\\index.php')
CRITICAL - 2023-10-27 15:27:24 --> Undefined variable $user
in APPPATH\Views\user\list.php on line 15.
 1 APPPATH\Views\user\list.php(15): CodeIgniter\Debug\Exceptions->errorHandler(2, 'Undefined variable $user', 'C:\\xampp\\htdocs\\WFPTIK2023\\app\\Views\\user\\list.php', 15)
 2 SYSTEMPATH\View\View.php(226): include('C:\\xampp\\htdocs\\WFPTIK2023\\app\\Views\\user\\list.php')
 3 SYSTEMPATH\View\View.php(229): CodeIgniter\View\View->CodeIgniter\View\{closure}()
 4 SYSTEMPATH\Common.php(1188): CodeIgniter\View\View->render('user/list', [], true)
 5 APPPATH\Controllers\Admin\UserController.php(81): view('user/list', [...])
 6 SYSTEMPATH\CodeIgniter.php(919): App\Controllers\Admin\UserController->getData()
 7 SYSTEMPATH\CodeIgniter.php(494): CodeIgniter\CodeIgniter->runController(Object(App\Controllers\Admin\UserController))
 8 SYSTEMPATH\CodeIgniter.php(353): CodeIgniter\CodeIgniter->handleRequest(null, Object(Config\Cache), false)
 9 FCPATH\index.php(79): CodeIgniter\CodeIgniter->run()
10 SYSTEMPATH\Commands\Server\rewrite.php(47): require_once('C:\\xampp\\htdocs\\WFPTIK2023\\public\\index.php')
CRITICAL - 2023-10-27 15:27:44 --> Undefined variable $user
in APPPATH\Views\user\list.php on line 15.
 1 APPPATH\Views\user\list.php(15): CodeIgniter\Debug\Exceptions->errorHandler(2, 'Undefined variable $user', 'C:\\xampp\\htdocs\\WFPTIK2023\\app\\Views\\user\\list.php', 15)
 2 SYSTEMPATH\View\View.php(226): include('C:\\xampp\\htdocs\\WFPTIK2023\\app\\Views\\user\\list.php')
 3 SYSTEMPATH\View\View.php(229): CodeIgniter\View\View->CodeIgniter\View\{closure}()
 4 SYSTEMPATH\Common.php(1188): CodeIgniter\View\View->render('user/list', [], true)
 5 APPPATH\Controllers\Admin\UserController.php(81): view('user/list', [...])
 6 SYSTEMPATH\CodeIgniter.php(919): App\Controllers\Admin\UserController->getData()
 7 SYSTEMPATH\CodeIgniter.php(494): CodeIgniter\CodeIgniter->runController(Object(App\Controllers\Admin\UserController))
 8 SYSTEMPATH\CodeIgniter.php(353): CodeIgniter\CodeIgniter->handleRequest(null, Object(Config\Cache), false)
 9 FCPATH\index.php(79): CodeIgniter\CodeIgniter->run()
10 SYSTEMPATH\Commands\Server\rewrite.php(47): require_once('C:\\xampp\\htdocs\\WFPTIK2023\\public\\index.php')
CRITICAL - 2023-10-27 18:05:22 --> syntax error, unexpected token "<", expecting end of file
in APPPATH\Views\user\user.php on line 8.
 1 SYSTEMPATH\View\View.php(229): CodeIgniter\View\View->CodeIgniter\View\{closure}()
 2 SYSTEMPATH\Common.php(1188): CodeIgniter\View\View->render('user/user', [], true)
 3 APPPATH\Controllers\Admin\UserController.php(28): view('user/user', [...])
 4 SYSTEMPATH\CodeIgniter.php(919): App\Controllers\Admin\UserController->index()
 5 SYSTEMPATH\CodeIgniter.php(494): CodeIgniter\CodeIgniter->runController(Object(App\Controllers\Admin\UserController))
 6 SYSTEMPATH\CodeIgniter.php(353): CodeIgniter\CodeIgniter->handleRequest(null, Object(Config\Cache), false)
 7 FCPATH\index.php(79): CodeIgniter\CodeIgniter->run()
 8 SYSTEMPATH\Commands\Server\rewrite.php(47): require_once('C:\\xampp\\htdocs\\WFPTIK2023\\public\\index.php')
