CRITICAL - 2023-09-24 05:54:09 --> syntax error, unexpected 'view' (T_STRING)
in APPPATH\Controllers\Home.php on line 9.
 1 SYSTEMPATH\Autoloader\Autoloader.php(285): CodeIgniter\Autoloader\Autoloader->includeFile('C:\\code\\codeigniter4\\app\\Controllers\\Home.php')
 2 SYSTEMPATH\Autoloader\Autoloader.php(263): CodeIgniter\Autoloader\Autoloader->loadInNamespace('App\\Controllers\\Home')
 3 [internal function]: CodeIgniter\Autoloader\Autoloader->loadClass('App\\Controllers\\Home')
 4 [internal function]: spl_autoload_call('App\\Controllers\\Home')
 5 SYSTEMPATH\CodeIgniter.php(877): class_exists('\\App\\Controllers\\Home', true)
 6 SYSTEMPATH\CodeIgniter.php(481): CodeIgniter\CodeIgniter->startController()
 7 SYSTEMPATH\CodeIgniter.php(353): CodeIgniter\CodeIgniter->handleRequest(null, Object(Config\Cache), false)
 8 FCPATH\index.php(79): CodeIgniter\CodeIgniter->run()
 9 SYSTEMPATH\Commands\Server\rewrite.php(47): require_once('C:\\code\\codeigniter4\\public\\index.php')
CRITICAL - 2023-09-24 05:57:33 --> syntax error, unexpected 'view' (T_STRING)
in APPPATH\Controllers\Home.php on line 9.
 1 SYSTEMPATH\Autoloader\Autoloader.php(285): CodeIgniter\Autoloader\Autoloader->includeFile('C:\\code\\codeigniter4\\app\\Controllers\\Home.php')
 2 SYSTEMPATH\Autoloader\Autoloader.php(263): CodeIgniter\Autoloader\Autoloader->loadInNamespace('App\\Controllers\\Home')
 3 [internal function]: CodeIgniter\Autoloader\Autoloader->loadClass('App\\Controllers\\Home')
 4 [internal function]: spl_autoload_call('App\\Controllers\\Home')
 5 SYSTEMPATH\CodeIgniter.php(877): class_exists('\\App\\Controllers\\Home', true)
 6 SYSTEMPATH\CodeIgniter.php(481): CodeIgniter\CodeIgniter->startController()
 7 SYSTEMPATH\CodeIgniter.php(353): CodeIgniter\CodeIgniter->handleRequest(null, Object(Config\Cache), false)
 8 FCPATH\index.php(79): CodeIgniter\CodeIgniter->run()
 9 SYSTEMPATH\Commands\Server\rewrite.php(47): require_once('C:\\code\\codeigniter4\\public\\index.php')
CRITICAL - 2023-09-24 05:57:47 --> syntax error, unexpected 'view' (T_STRING)
in APPPATH\Controllers\Home.php on line 9.
 1 SYSTEMPATH\Autoloader\Autoloader.php(285): CodeIgniter\Autoloader\Autoloader->includeFile('C:\\code\\codeigniter4\\app\\Controllers\\Home.php')
 2 SYSTEMPATH\Autoloader\Autoloader.php(263): CodeIgniter\Autoloader\Autoloader->loadInNamespace('App\\Controllers\\Home')
 3 [internal function]: CodeIgniter\Autoloader\Autoloader->loadClass('App\\Controllers\\Home')
 4 [internal function]: spl_autoload_call('App\\Controllers\\Home')
 5 SYSTEMPATH\CodeIgniter.php(877): class_exists('\\App\\Controllers\\Home', true)
 6 SYSTEMPATH\CodeIgniter.php(481): CodeIgniter\CodeIgniter->startController()
 7 SYSTEMPATH\CodeIgniter.php(353): CodeIgniter\CodeIgniter->handleRequest(null, Object(Config\Cache), false)
 8 FCPATH\index.php(79): CodeIgniter\CodeIgniter->run()
 9 SYSTEMPATH\Commands\Server\rewrite.php(47): require_once('C:\\code\\codeigniter4\\public\\index.php')
CRITICAL - 2023-09-24 06:05:39 --> The namespace delimiter is a backslash (\), not a slash (/). Route handler: "\App\Controllers\Admin/Dashboard::index"
in SYSTEMPATH\Router\Router.php on line 477.
 1 SYSTEMPATH\Router\Router.php(477): CodeIgniter\Router\Exceptions\RouterException::forInvalidControllerName('\\App\\Controllers\\Admin/Dashboard::index')
 2 SYSTEMPATH\Router\Router.php(184): CodeIgniter\Router\Router->checkRoutes('dashboard')
 3 SYSTEMPATH\CodeIgniter.php(800): CodeIgniter\Router\Router->handle('dashboard')
 4 SYSTEMPATH\CodeIgniter.php(442): CodeIgniter\CodeIgniter->tryToRouteIt(Object(CodeIgniter\Router\RouteCollection))
 5 SYSTEMPATH\CodeIgniter.php(353): CodeIgniter\CodeIgniter->handleRequest(null, Object(Config\Cache), false)
 6 FCPATH\index.php(79): CodeIgniter\CodeIgniter->run()
 7 SYSTEMPATH\Commands\Server\rewrite.php(47): require_once('C:\\code\\codeigniter4\\public\\index.php')
CRITICAL - 2023-09-24 14:01:38 --> Undefined variable: nama
in APPPATH\Views\coba.php on line 13.
 1 APPPATH\Views\coba.php(13): CodeIgniter\Debug\Exceptions->errorHandler(8, 'Undefined variable: nama', 'C:\\code\\codeigniter4\\app\\Views\\coba.php', 13, [...])
 2 SYSTEMPATH\View\View.php(226): include('C:\\code\\codeigniter4\\app\\Views\\coba.php')
 3 SYSTEMPATH\View\View.php(229): CodeIgniter\View\View->CodeIgniter\View\{closure}()
 4 SYSTEMPATH\Common.php(1188): CodeIgniter\View\View->render('coba', [], true)
 5 APPPATH\Controllers\Home.php(20): view('coba', [...])
 6 SYSTEMPATH\CodeIgniter.php(919): App\Controllers\Home->percobaan()
 7 SYSTEMPATH\CodeIgniter.php(494): CodeIgniter\CodeIgniter->runController(Object(App\Controllers\Home))
 8 SYSTEMPATH\CodeIgniter.php(353): CodeIgniter\CodeIgniter->handleRequest(null, Object(Config\Cache), false)
 9 FCPATH\index.php(79): CodeIgniter\CodeIgniter->run()
10 SYSTEMPATH\Commands\Server\rewrite.php(47): require_once('C:\\code\\codeigniter4\\public\\index.php')
CRITICAL - 2023-09-24 14:06:37 --> Illegal string offset 'nama'
in APPPATH\Views\coba.php on line 14.
 1 APPPATH\Views\coba.php(14): CodeIgniter\Debug\Exceptions->errorHandler(2, 'Illegal string offset \'nama\'', 'C:\\code\\codeigniter4\\app\\Views\\coba.php', 14, [...])
 2 SYSTEMPATH\View\View.php(226): include('C:\\code\\codeigniter4\\app\\Views\\coba.php')
 3 SYSTEMPATH\View\View.php(229): CodeIgniter\View\View->CodeIgniter\View\{closure}()
 4 SYSTEMPATH\Common.php(1188): CodeIgniter\View\View->render('coba', [], true)
 5 APPPATH\Controllers\Home.php(28): view('coba', [...])
 6 SYSTEMPATH\CodeIgniter.php(919): App\Controllers\Home->percobaan()
 7 SYSTEMPATH\CodeIgniter.php(494): CodeIgniter\CodeIgniter->runController(Object(App\Controllers\Home))
 8 SYSTEMPATH\CodeIgniter.php(353): CodeIgniter\CodeIgniter->handleRequest(null, Object(Config\Cache), false)
 9 FCPATH\index.php(79): CodeIgniter\CodeIgniter->run()
10 SYSTEMPATH\Commands\Server\rewrite.php(47): require_once('C:\\code\\codeigniter4\\public\\index.php')
CRITICAL - 2023-09-24 14:08:57 --> Trying to get property 'nama' of non-object
in APPPATH\Views\coba.php on line 14.
 1 APPPATH\Views\coba.php(14): CodeIgniter\Debug\Exceptions->errorHandler(8, 'Trying to get property \'nama\' of non-object', 'C:\\code\\codeigniter4\\app\\Views\\coba.php', 14, [...])
 2 SYSTEMPATH\View\View.php(226): include('C:\\code\\codeigniter4\\app\\Views\\coba.php')
 3 SYSTEMPATH\View\View.php(229): CodeIgniter\View\View->CodeIgniter\View\{closure}()
 4 SYSTEMPATH\Common.php(1188): CodeIgniter\View\View->render('coba', [], true)
 5 APPPATH\Controllers\Home.php(28): view('coba', [...])
 6 SYSTEMPATH\CodeIgniter.php(919): App\Controllers\Home->percobaan()
 7 SYSTEMPATH\CodeIgniter.php(494): CodeIgniter\CodeIgniter->runController(Object(App\Controllers\Home))
 8 SYSTEMPATH\CodeIgniter.php(353): CodeIgniter\CodeIgniter->handleRequest(null, Object(Config\Cache), false)
 9 FCPATH\index.php(79): CodeIgniter\CodeIgniter->run()
10 SYSTEMPATH\Commands\Server\rewrite.php(47): require_once('C:\\code\\codeigniter4\\public\\index.php')
CRITICAL - 2023-09-24 14:09:19 --> Illegal string offset 'nama'
in APPPATH\Views\coba.php on line 14.
 1 APPPATH\Views\coba.php(14): CodeIgniter\Debug\Exceptions->errorHandler(2, 'Illegal string offset \'nama\'', 'C:\\code\\codeigniter4\\app\\Views\\coba.php', 14, [...])
 2 SYSTEMPATH\View\View.php(226): include('C:\\code\\codeigniter4\\app\\Views\\coba.php')
 3 SYSTEMPATH\View\View.php(229): CodeIgniter\View\View->CodeIgniter\View\{closure}()
 4 SYSTEMPATH\Common.php(1188): CodeIgniter\View\View->render('coba', [], true)
 5 APPPATH\Controllers\Home.php(28): view('coba', [...])
 6 SYSTEMPATH\CodeIgniter.php(919): App\Controllers\Home->percobaan()
 7 SYSTEMPATH\CodeIgniter.php(494): CodeIgniter\CodeIgniter->runController(Object(App\Controllers\Home))
 8 SYSTEMPATH\CodeIgniter.php(353): CodeIgniter\CodeIgniter->handleRequest(null, Object(Config\Cache), false)
 9 FCPATH\index.php(79): CodeIgniter\CodeIgniter->run()
10 SYSTEMPATH\Commands\Server\rewrite.php(47): require_once('C:\\code\\codeigniter4\\public\\index.php')
CRITICAL - 2023-09-24 14:10:05 --> Illegal string offset 'nama'
in APPPATH\Views\coba.php on line 15.
 1 APPPATH\Views\coba.php(15): CodeIgniter\Debug\Exceptions->errorHandler(2, 'Illegal string offset \'nama\'', 'C:\\code\\codeigniter4\\app\\Views\\coba.php', 15, [...])
 2 SYSTEMPATH\View\View.php(226): include('C:\\code\\codeigniter4\\app\\Views\\coba.php')
 3 SYSTEMPATH\View\View.php(229): CodeIgniter\View\View->CodeIgniter\View\{closure}()
 4 SYSTEMPATH\Common.php(1188): CodeIgniter\View\View->render('coba', [], true)
 5 APPPATH\Controllers\Home.php(28): view('coba', [...])
 6 SYSTEMPATH\CodeIgniter.php(919): App\Controllers\Home->percobaan()
 7 SYSTEMPATH\CodeIgniter.php(494): CodeIgniter\CodeIgniter->runController(Object(App\Controllers\Home))
 8 SYSTEMPATH\CodeIgniter.php(353): CodeIgniter\CodeIgniter->handleRequest(null, Object(Config\Cache), false)
 9 FCPATH\index.php(79): CodeIgniter\CodeIgniter->run()
10 SYSTEMPATH\Commands\Server\rewrite.php(47): require_once('C:\\code\\codeigniter4\\public\\index.php')
CRITICAL - 2023-09-24 14:10:35 --> Use of undefined constant nama - assumed 'nama' (this will throw an Error in a future version of PHP)
in APPPATH\Views\coba.php on line 15.
 1 APPPATH\Views\coba.php(15): CodeIgniter\Debug\Exceptions->errorHandler(2, 'Use of undefined constant nama - assumed \'nama\' (this will throw an Error in a future version of PHP)', 'C:\\code\\codeigniter4\\app\\Views\\coba.php', 15, [...])
 2 SYSTEMPATH\View\View.php(226): include('C:\\code\\codeigniter4\\app\\Views\\coba.php')
 3 SYSTEMPATH\View\View.php(229): CodeIgniter\View\View->CodeIgniter\View\{closure}()
 4 SYSTEMPATH\Common.php(1188): CodeIgniter\View\View->render('coba', [], true)
 5 APPPATH\Controllers\Home.php(28): view('coba', [...])
 6 SYSTEMPATH\CodeIgniter.php(919): App\Controllers\Home->percobaan()
 7 SYSTEMPATH\CodeIgniter.php(494): CodeIgniter\CodeIgniter->runController(Object(App\Controllers\Home))
 8 SYSTEMPATH\CodeIgniter.php(353): CodeIgniter\CodeIgniter->handleRequest(null, Object(Config\Cache), false)
 9 FCPATH\index.php(79): CodeIgniter\CodeIgniter->run()
10 SYSTEMPATH\Commands\Server\rewrite.php(47): require_once('C:\\code\\codeigniter4\\public\\index.php')
CRITICAL - 2023-09-24 14:10:48 --> Illegal string offset 'nama'
in APPPATH\Views\coba.php on line 15.
 1 APPPATH\Views\coba.php(15): CodeIgniter\Debug\Exceptions->errorHandler(2, 'Illegal string offset \'nama\'', 'C:\\code\\codeigniter4\\app\\Views\\coba.php', 15, [...])
 2 SYSTEMPATH\View\View.php(226): include('C:\\code\\codeigniter4\\app\\Views\\coba.php')
 3 SYSTEMPATH\View\View.php(229): CodeIgniter\View\View->CodeIgniter\View\{closure}()
 4 SYSTEMPATH\Common.php(1188): CodeIgniter\View\View->render('coba', [], true)
 5 APPPATH\Controllers\Home.php(28): view('coba', [...])
 6 SYSTEMPATH\CodeIgniter.php(919): App\Controllers\Home->percobaan()
 7 SYSTEMPATH\CodeIgniter.php(494): CodeIgniter\CodeIgniter->runController(Object(App\Controllers\Home))
 8 SYSTEMPATH\CodeIgniter.php(353): CodeIgniter\CodeIgniter->handleRequest(null, Object(Config\Cache), false)
 9 FCPATH\index.php(79): CodeIgniter\CodeIgniter->run()
10 SYSTEMPATH\Commands\Server\rewrite.php(47): require_once('C:\\code\\codeigniter4\\public\\index.php')
CRITICAL - 2023-09-24 14:37:46 --> Invalid file: "template/template.php"
in SYSTEMPATH\Exceptions\FrameworkException.php on line 39.
 1 SYSTEMPATH\View\View.php(214): CodeIgniter\Exceptions\FrameworkException::forInvalidFile('template/template.php')
 2 SYSTEMPATH\View\View.php(242): CodeIgniter\View\View->render('template/template', [], true)
 3 SYSTEMPATH\Common.php(1188): CodeIgniter\View\View->render('coba', [], true)
 4 APPPATH\Controllers\Home.php(28): view('coba', [...])
 5 SYSTEMPATH\CodeIgniter.php(919): App\Controllers\Home->percobaan()
 6 SYSTEMPATH\CodeIgniter.php(494): CodeIgniter\CodeIgniter->runController(Object(App\Controllers\Home))
 7 SYSTEMPATH\CodeIgniter.php(353): CodeIgniter\CodeIgniter->handleRequest(null, Object(Config\Cache), false)
 8 FCPATH\index.php(79): CodeIgniter\CodeIgniter->run()
 9 SYSTEMPATH\Commands\Server\rewrite.php(47): require_once('C:\\code\\codeigniter4\\public\\index.php')
