ERROR - 2023-10-19 15:35:28 --> Error connecting to the database: mysqli_sql_exception: Unknown database 'perpustakaan' in C:\xampp\htdocs\WFPTIK2023\system\Database\MySQLi\Connection.php:184
Stack trace:
#0 C:\xampp\htdocs\WFPTIK2023\system\Database\MySQLi\Connection.php(184): mysqli->real_connect('localhost', 'root', Object(SensitiveParameterValue), 'perpustakaan', 3306, '', 0)
#1 C:\xampp\htdocs\WFPTIK2023\system\Database\BaseConnection.php(391): CodeIgniter\Database\MySQLi\Connection->connect(false)
#2 C:\xampp\htdocs\WFPTIK2023\system\Database\BaseConnection.php(574): CodeIgniter\Database\BaseConnection->initialize()
#3 C:\xampp\htdocs\WFPTIK2023\system\Database\BaseBuilder.php(1615): CodeIgniter\Database\BaseConnection->query('SELECT *\nFROM `...', Array, false)
#4 C:\xampp\htdocs\WFPTIK2023\system\Model.php(237): CodeIgniter\Database\BaseBuilder->get()
#5 C:\xampp\htdocs\WFPTIK2023\system\BaseModel.php(624): CodeIgniter\Model->doFindAll(0, 0)
#6 C:\xampp\htdocs\WFPTIK2023\app\Controllers\Admin\UserController.php(21): CodeIgniter\BaseModel->findAll()
#7 C:\xampp\htdocs\WFPTIK2023\system\CodeIgniter.php(919): App\Controllers\Admin\UserController->index()
#8 C:\xampp\htdocs\WFPTIK2023\system\CodeIgniter.php(494): CodeIgniter\CodeIgniter->runController(Object(App\Controllers\Admin\UserController))
#9 C:\xampp\htdocs\WFPTIK2023\system\CodeIgniter.php(353): CodeIgniter\CodeIgniter->handleRequest(NULL, Object(Config\Cache), false)
#10 C:\xampp\htdocs\WFPTIK2023\public\index.php(79): CodeIgniter\CodeIgniter->run()
#11 C:\xampp\htdocs\WFPTIK2023\system\Commands\Server\rewrite.php(47): require_once('C:\\xampp\\htdocs...')
#12 {main}

Next CodeIgniter\Database\Exceptions\DatabaseException: Unknown database 'perpustakaan' in C:\xampp\htdocs\WFPTIK2023\system\Database\MySQLi\Connection.php:229
Stack trace:
#0 C:\xampp\htdocs\WFPTIK2023\system\Database\BaseConnection.php(391): CodeIgniter\Database\MySQLi\Connection->connect(false)
#1 C:\xampp\htdocs\WFPTIK2023\system\Database\BaseConnection.php(574): CodeIgniter\Database\BaseConnection->initialize()
#2 C:\xampp\htdocs\WFPTIK2023\system\Database\BaseBuilder.php(1615): CodeIgniter\Database\BaseConnection->query('SELECT *\nFROM `...', Array, false)
#3 C:\xampp\htdocs\WFPTIK2023\system\Model.php(237): CodeIgniter\Database\BaseBuilder->get()
#4 C:\xampp\htdocs\WFPTIK2023\system\BaseModel.php(624): CodeIgniter\Model->doFindAll(0, 0)
#5 C:\xampp\htdocs\WFPTIK2023\app\Controllers\Admin\UserController.php(21): CodeIgniter\BaseModel->findAll()
#6 C:\xampp\htdocs\WFPTIK2023\system\CodeIgniter.php(919): App\Controllers\Admin\UserController->index()
#7 C:\xampp\htdocs\WFPTIK2023\system\CodeIgniter.php(494): CodeIgniter\CodeIgniter->runController(Object(App\Controllers\Admin\UserController))
#8 C:\xampp\htdocs\WFPTIK2023\system\CodeIgniter.php(353): CodeIgniter\CodeIgniter->handleRequest(NULL, Object(Config\Cache), false)
#9 C:\xampp\htdocs\WFPTIK2023\public\index.php(79): CodeIgniter\CodeIgniter->run()
#10 C:\xampp\htdocs\WFPTIK2023\system\Commands\Server\rewrite.php(47): require_once('C:\\xampp\\htdocs...')
#11 {main}
CRITICAL - 2023-10-19 15:35:28 --> Unable to connect to the database.
Main connection [MySQLi]: Unknown database 'perpustakaan'
in SYSTEMPATH\Database\BaseConnection.php on line 427.
 1 SYSTEMPATH\Database\BaseConnection.php(574): CodeIgniter\Database\BaseConnection->initialize()
 2 SYSTEMPATH\Database\BaseBuilder.php(1615): CodeIgniter\Database\BaseConnection->query('SELECT *
FROM `users`', [], false)
 3 SYSTEMPATH\Model.php(237): CodeIgniter\Database\BaseBuilder->get()
 4 SYSTEMPATH\BaseModel.php(624): CodeIgniter\Model->doFindAll(0, 0)
 5 APPPATH\Controllers\Admin\UserController.php(21): CodeIgniter\BaseModel->findAll()
 6 SYSTEMPATH\CodeIgniter.php(919): App\Controllers\Admin\UserController->index()
 7 SYSTEMPATH\CodeIgniter.php(494): CodeIgniter\CodeIgniter->runController(Object(App\Controllers\Admin\UserController))
 8 SYSTEMPATH\CodeIgniter.php(353): CodeIgniter\CodeIgniter->handleRequest(null, Object(Config\Cache), false)
 9 FCPATH\index.php(79): CodeIgniter\CodeIgniter->run()
10 SYSTEMPATH\Commands\Server\rewrite.php(47): require_once('C:\\xampp\\htdocs\\WFPTIK2023\\public\\index.php')
CRITICAL - 2023-10-19 15:40:07 --> Undefined array key "jenis_kelamin"
in APPPATH\Views\detailuser.php on line 16.
 1 APPPATH\Views\detailuser.php(16): CodeIgniter\Debug\Exceptions->errorHandler(2, 'Undefined array key "jenis_kelamin"', 'C:\\xampp\\htdocs\\WFPTIK2023\\app\\Views\\detailuser.php', 16)
 2 SYSTEMPATH\View\View.php(226): include('C:\\xampp\\htdocs\\WFPTIK2023\\app\\Views\\detailuser.php')
 3 SYSTEMPATH\View\View.php(229): CodeIgniter\View\View->CodeIgniter\View\{closure}()
 4 SYSTEMPATH\Common.php(1188): CodeIgniter\View\View->render('detailuser', [], true)
 5 APPPATH\Controllers\Admin\UserController.php(38): view('detailuser', [...])
 6 SYSTEMPATH\CodeIgniter.php(919): App\Controllers\Admin\UserController->detail('1')
 7 SYSTEMPATH\CodeIgniter.php(494): CodeIgniter\CodeIgniter->runController(Object(App\Controllers\Admin\UserController))
 8 SYSTEMPATH\CodeIgniter.php(353): CodeIgniter\CodeIgniter->handleRequest(null, Object(Config\Cache), false)
 9 FCPATH\index.php(79): CodeIgniter\CodeIgniter->run()
10 SYSTEMPATH\Commands\Server\rewrite.php(47): require_once('C:\\xampp\\htdocs\\WFPTIK2023\\public\\index.php')
CRITICAL - 2023-10-19 16:14:53 --> Undefined variable $u
in APPPATH\Views\user\detailuser.php on line 20.
 1 APPPATH\Views\user\detailuser.php(20): CodeIgniter\Debug\Exceptions->errorHandler(2, 'Undefined variable $u', 'C:\\xampp\\htdocs\\WFPTIK2023\\app\\Views\\user\\detailuser.php', 20)
 2 SYSTEMPATH\View\View.php(226): include('C:\\xampp\\htdocs\\WFPTIK2023\\app\\Views\\user\\detailuser.php')
 3 SYSTEMPATH\View\View.php(229): CodeIgniter\View\View->CodeIgniter\View\{closure}()
 4 SYSTEMPATH\Common.php(1188): CodeIgniter\View\View->render('user/detailuser', [], true)
 5 APPPATH\Controllers\Admin\UserController.php(38): view('user/detailuser', [...])
 6 SYSTEMPATH\CodeIgniter.php(919): App\Controllers\Admin\UserController->detail('1')
 7 SYSTEMPATH\CodeIgniter.php(494): CodeIgniter\CodeIgniter->runController(Object(App\Controllers\Admin\UserController))
 8 SYSTEMPATH\CodeIgniter.php(353): CodeIgniter\CodeIgniter->handleRequest(null, Object(Config\Cache), false)
 9 FCPATH\index.php(79): CodeIgniter\CodeIgniter->run()
10 SYSTEMPATH\Commands\Server\rewrite.php(47): require_once('C:\\xampp\\htdocs\\WFPTIK2023\\public\\index.php')
